<?xml version="1.0" encoding="UTF-8"?>
<!-- Generated by org.testng.reporters.JUnitReportReporter -->
<testsuite hostname="Fahim_Taj" failures="0" tests="4" name="api.test.UserTests" time="8.027" errors="0" timestamp="2024-05-24T11:56:36 BDT" skipped="0">
  <testcase classname="api.test.UserTests" name="testPostUser" time="2.739"/>
  <testcase classname="api.test.UserTests" name="testGetUserByName" time="1.342"/>
  <testcase classname="api.test.UserTests" name="testUpdateUserByName" time="2.673"/>
  <testcase classname="api.test.UserTests" name="testDeleteUserByName" time="1.273"/>
</testsuite> <!-- api.test.UserTests -->
